(oracleBUG) [root@redhatos zisk]# ll buginfo/
total 93
-rwxrwx---. 1 root vboxsf 2865 Mar  4 01:34 bug_37377187.txt
-rwxrwx---. 1 root vboxsf 1910 Mar  4 01:34 bug_37377895.txt
-rwxrwx---. 1 root vboxsf 4405 Mar  4 01:33 bug_37379354.txt
-rwxrwx---. 1 root vboxsf 3019 Mar  4 01:33 bug_37379571.txt
-rwxrwx---. 1 root vboxsf 4335 Mar  4 01:32 bug_37381614.txt
-rwxrwx---. 1 root vboxsf 2328 Mar  4 01:31 bug_37381714.txt
-rwxrwx---. 1 root vboxsf 3731 Mar  4 01:31 bug_37383342.txt
-rwxrwx---. 1 root vboxsf 3500 Mar  4 01:30 bug_37383773.txt
-rwxrwx---. 1 root vboxsf 3498 Mar  4 01:30 bug_37383977.txt
-rwxrwx---. 1 root vboxsf 2725 Mar  4 01:29 bug_37385125.txt
-rwxrwx---. 1 root vboxsf 2219 Mar  4 01:29 bug_37385486.txt
-rwxrwx---. 1 root vboxsf 2601 Mar  4 01:28 bug_37388292.txt
-rwxrwx---. 1 root vboxsf 3146 Mar  4 01:28 bug_37389579.txt
-rwxrwx---. 1 root vboxsf 2470 Mar  4 01:27 bug_37393392.txt
-rwxrwx---. 1 root vboxsf 2435 Mar  4 01:27 bug_37393751.txt
-rwxrwx---. 1 root vboxsf 3950 Mar  4 01:26 bug_37393792.txt
-rwxrwx---. 1 root vboxsf 2395 Mar  4 01:26 bug_37393986.txt
-rwxrwx---. 1 root vboxsf 3495 Mar  4 01:25 bug_37394008.txt
-rwxrwx---. 1 root vboxsf 2711 Mar  4 01:25 bug_37394022.txt
-rwxrwx---. 1 root vboxsf 3281 Mar  4 01:24 bug_37394565.txt
-rwxrwx---. 1 root vboxsf 2231 Mar  4 01:24 bug_37394754.txt
-rwxrwx---. 1 root vboxsf  275 Mar  4 01:20 bug_37467573.txt
(oracleBUG) [root@redhatos zisk]#


(oracleBUG) [root@redhatos zisk]# python vector_upload.py  -c ./config.yaml  -d ./buginfo/
2026-03-04 23:06:14,720 - INFO - ============================================================
2026-03-04 23:06:14,720 - INFO - 开始初始化...
2026-03-04 23:06:14,721 - INFO - 📦 加载本地模型: ./models
2026-03-04 23:06:14,723 - INFO - Use pytorch device_name: cpu
2026-03-04 23:06:14,724 - INFO - Load pretrained SentenceTransformer: ./models
2026-03-04 23:06:14,726 - WARNING - No sentence-transformers model found with name ./models. Creating a new one with mean pooling.
Loading weights: 100%|██████████████████████████████████████████| 391/391 [00:00<00:00, 2678.45it/s, Materializing param=pooler.dense.weight]
BertModel LOAD REPORT from: ./models
Key                     | Status     |  |
------------------------+------------+--+-
embeddings.position_ids | UNEXPECTED |  |

Notes:
- UNEXPECTED    :can be ignored when loading from different task/architecture; not ok if you expect identical arch.
2026-03-04 23:06:15,556 - INFO - ✅ 模型加载成功
2026-03-04 23:06:15,614 - INFO - ✅ 数据库连接成功
2026-03-04 23:06:15,623 - INFO - ✅ 向量表初始化成功（支持PDF和TXT）
2026-03-04 23:06:15,623 - INFO - ============================================================
2026-03-04 23:06:15,651 - INFO - 📂 发现 22 个文件
2026-03-04 23:06:15,652 - INFO -
开始批量处理 22 个文件...
2026-03-04 23:06:15,653 - INFO - 分片配置: 大小=5000, 重叠=500
2026-03-04 23:06:15,655 - INFO -
[1/22] 处理: bug_37377187.txt
2026-03-04 23:06:15,657 - INFO -
============================================================
2026-03-04 23:06:15,659 - INFO - 处理文件: bug_37377187.txt
2026-03-04 23:06:15,660 - INFO - 📄 开始处理TXT: bug_37377187.txt
2026-03-04 23:06:15,664 - INFO - 🔑 文件哈希: 172b95d3c9ca3530d522b7563a067b86
2026-03-04 23:06:15,666 - INFO - 📊 文件大小: 2865 字节, 内容长度: 1572 字符
2026-03-04 23:06:15,667 - INFO - 📦 文件较小，不分片
Batches: 100%|█████████████████████████████████████████████████████████████████████████████████████████████████| 1/1 [00:07<00:00,  7.72s/it]
2026-03-04 23:06:23,394 - INFO - ✅ 分片处理完成: 1 个分片
2026-03-04 23:06:23,413 - INFO - ✅ 成功插入 1 个分片
2026-03-04 23:06:23,413 - INFO - ✅ 文件处理完成: 1 个分片已存储
2026-03-04 23:06:23,414 - INFO -
[2/22] 处理: bug_37377895.txt
2026-03-04 23:06:23,414 - INFO -
============================================================
2026-03-04 23:06:23,414 - INFO - 处理文件: bug_37377895.txt
2026-03-04 23:06:23,415 - INFO - 📄 开始处理TXT: bug_37377895.txt
2026-03-04 23:06:23,419 - INFO - 🔑 文件哈希: 986fa2622686f2871a558f7212862ab6
2026-03-04 23:06:23,420 - INFO - 📊 文件大小: 1910 字节, 内容长度: 1023 字符
2026-03-04 23:06:23,420 - INFO - 📦 文件较小，不分片
Batches: 100%|█████████████████████████████████████████████████████████████████████████████████████████████████| 1/1 [00:09<00:00,  9.36s/it]
2026-03-04 23:06:32,784 - INFO - ✅ 分片处理完成: 1 个分片
2026-03-04 23:06:32,796 - INFO - ✅ 成功插入 1 个分片
2026-03-04 23:06:32,799 - INFO - ✅ 文件处理完成: 1 个分片已存储
2026-03-04 23:06:32,799 - INFO -
[3/22] 处理: bug_37379354.txt
2026-03-04 23:06:32,800 - INFO -
============================================================
2026-03-04 23:06:32,800 - INFO - 处理文件: bug_37379354.txt
2026-03-04 23:06:32,801 - INFO - 📄 开始处理TXT: bug_37379354.txt
2026-03-04 23:06:32,806 - INFO - 🔑 文件哈希: 3926eee1e608bb28fd1385f90147e1e0
2026-03-04 23:06:32,808 - INFO - 📊 文件大小: 4405 字节, 内容长度: 2168 字符
2026-03-04 23:06:32,810 - INFO - 📦 文件较小，不分片
Batches: 100%|█████████████████████████████████████████████████████████████████████████████████████████████████| 1/1 [00:09<00:00,  9.24s/it]
2026-03-04 23:06:42,061 - INFO - ✅ 分片处理完成: 1 个分片
2026-03-04 23:06:42,092 - INFO - ✅ 成功插入 1 个分片
2026-03-04 23:06:42,093 - INFO - ✅ 文件处理完成: 1 个分片已存储
2026-03-04 23:06:42,094 - INFO -
[4/22] 处理: bug_37379571.txt
2026-03-04 23:06:42,095 - INFO -
============================================================
2026-03-04 23:06:42,097 - INFO - 处理文件: bug_37379571.txt
2026-03-04 23:06:42,097 - INFO - 📄 开始处理TXT: bug_37379571.txt
2026-03-04 23:06:42,100 - INFO - 🔑 文件哈希: 2fe02bb7a35e6d7a5e8a7b8f34e7d747
2026-03-04 23:06:42,101 - INFO - 📊 文件大小: 3019 字节, 内容长度: 1644 字符
2026-03-04 23:06:42,101 - INFO - 📦 文件较小，不分片
Batches: 100%|█████████████████████████████████████████████████████████████████████████████████████████████████| 1/1 [00:08<00:00,  8.58s/it]
2026-03-04 23:06:50,690 - INFO - ✅ 分片处理完成: 1 个分片
2026-03-04 23:06:50,703 - INFO - ✅ 成功插入 1 个分片
2026-03-04 23:06:50,703 - INFO - ✅ 文件处理完成: 1 个分片已存储
2026-03-04 23:06:50,704 - INFO -
[5/22] 处理: bug_37381614.txt
2026-03-04 23:06:50,704 - INFO -
============================================================
2026-03-04 23:06:50,704 - INFO - 处理文件: bug_37381614.txt
2026-03-04 23:06:50,704 - INFO - 📄 开始处理TXT: bug_37381614.txt
2026-03-04 23:06:50,707 - INFO - 🔑 文件哈希: 238ca4d6108cb4ac5e74a66b491d1eed
2026-03-04 23:06:50,708 - INFO - 📊 文件大小: 4335 字节, 内容长度: 2192 字符
2026-03-04 23:06:50,708 - INFO - 📦 文件较小，不分片
Batches: 100%|█████████████████████████████████████████████████████████████████████████████████████████████████| 1/1 [00:08<00:00,  8.61s/it]
2026-03-04 23:06:59,320 - INFO - ✅ 分片处理完成: 1 个分片
2026-03-04 23:06:59,331 - INFO - ✅ 成功插入 1 个分片
2026-03-04 23:06:59,332 - INFO - ✅ 文件处理完成: 1 个分片已存储
2026-03-04 23:06:59,334 - INFO -
[6/22] 处理: bug_37381714.txt
2026-03-04 23:06:59,334 - INFO -
============================================================
2026-03-04 23:06:59,335 - INFO - 处理文件: bug_37381714.txt
2026-03-04 23:06:59,336 - INFO - 📄 开始处理TXT: bug_37381714.txt
2026-03-04 23:06:59,338 - INFO - 🔑 文件哈希: 3b87d9eab69546d2f684e8f1f38c66ac
2026-03-04 23:06:59,339 - INFO - 📊 文件大小: 2328 字节, 内容长度: 1175 字符
2026-03-04 23:06:59,340 - INFO - 📦 文件较小，不分片
Batches: 100%|█████████████████████████████████████████████████████████████████████████████████████████████████| 1/1 [00:08<00:00,  8.04s/it]
2026-03-04 23:07:07,386 - INFO - ✅ 分片处理完成: 1 个分片
2026-03-04 23:07:07,411 - INFO - ✅ 成功插入 1 个分片
2026-03-04 23:07:07,412 - INFO - ✅ 文件处理完成: 1 个分片已存储
2026-03-04 23:07:07,412 - INFO -
[7/22] 处理: bug_37383342.txt
2026-03-04 23:07:07,412 - INFO -
============================================================
2026-03-04 23:07:07,412 - INFO - 处理文件: bug_37383342.txt
2026-03-04 23:07:07,412 - INFO - 📄 开始处理TXT: bug_37383342.txt
2026-03-04 23:07:07,414 - INFO - 🔑 文件哈希: 4f96f1a522bb012eae006a6d0a105a03
2026-03-04 23:07:07,418 - INFO - 📊 文件大小: 3731 字节, 内容长度: 1981 字符
2026-03-04 23:07:07,419 - INFO - 📦 文件较小，不分片
Batches: 100%|█████████████████████████████████████████████████████████████████████████████████████████████████| 1/1 [00:08<00:00,  8.76s/it]
2026-03-04 23:07:16,188 - INFO - ✅ 分片处理完成: 1 个分片
2026-03-04 23:07:16,221 - INFO - ✅ 成功插入 1 个分片
2026-03-04 23:07:16,223 - INFO - ✅ 文件处理完成: 1 个分片已存储
2026-03-04 23:07:16,224 - INFO -
[8/22] 处理: bug_37383773.txt
2026-03-04 23:07:16,224 - INFO -
============================================================
2026-03-04 23:07:16,225 - INFO - 处理文件: bug_37383773.txt
2026-03-04 23:07:16,225 - INFO - 📄 开始处理TXT: bug_37383773.txt
2026-03-04 23:07:16,240 - INFO - 🔑 文件哈希: 0f3bb814baf841d5eb5d59847b9cad40
2026-03-04 23:07:16,243 - INFO - 📊 文件大小: 3500 字节, 内容长度: 1850 字符
2026-03-04 23:07:16,243 - INFO - 📦 文件较小，不分片
Batches: 100%|█████████████████████████████████████████████████████████████████████████████████████████████████| 1/1 [00:06<00:00,  6.87s/it]
2026-03-04 23:07:23,124 - INFO - ✅ 分片处理完成: 1 个分片
2026-03-04 23:07:23,138 - INFO - ✅ 成功插入 1 个分片
2026-03-04 23:07:23,139 - INFO - ✅ 文件处理完成: 1 个分片已存储
2026-03-04 23:07:23,139 - INFO -
[9/22] 处理: bug_37383977.txt
2026-03-04 23:07:23,139 - INFO -
============================================================
2026-03-04 23:07:23,139 - INFO - 处理文件: bug_37383977.txt
2026-03-04 23:07:23,139 - INFO - 📄 开始处理TXT: bug_37383977.txt
2026-03-04 23:07:23,142 - INFO - 🔑 文件哈希: 386b0ecfe4365ecee67e8cbd5faa5d1a
2026-03-04 23:07:23,143 - INFO - 📊 文件大小: 3498 字节, 内容长度: 2016 字符
2026-03-04 23:07:23,143 - INFO - 📦 文件较小，不分片
Batches: 100%|█████████████████████████████████████████████████████████████████████████████████████████████████| 1/1 [00:06<00:00,  6.38s/it]
2026-03-04 23:07:29,526 - INFO - ✅ 分片处理完成: 1 个分片
2026-03-04 23:07:29,535 - INFO - ✅ 成功插入 1 个分片
2026-03-04 23:07:29,535 - INFO - ✅ 文件处理完成: 1 个分片已存储
2026-03-04 23:07:29,536 - INFO -
[10/22] 处理: bug_37385125.txt
2026-03-04 23:07:29,536 - INFO -
============================================================
2026-03-04 23:07:29,536 - INFO - 处理文件: bug_37385125.txt
2026-03-04 23:07:29,536 - INFO - 📄 开始处理TXT: bug_37385125.txt
2026-03-04 23:07:29,539 - INFO - 🔑 文件哈希: d156feeeda0aee11373344fa5ff69a81
2026-03-04 23:07:29,542 - INFO - 📊 文件大小: 2725 字节, 内容长度: 1584 字符
2026-03-04 23:07:29,542 - INFO - 📦 文件较小，不分片
Batches: 100%|█████████████████████████████████████████████████████████████████████████████████████████████████| 1/1 [00:08<00:00,  8.38s/it]
2026-03-04 23:07:37,924 - INFO - ✅ 分片处理完成: 1 个分片
2026-03-04 23:07:37,934 - INFO - ✅ 成功插入 1 个分片
2026-03-04 23:07:37,934 - INFO - ✅ 文件处理完成: 1 个分片已存储
2026-03-04 23:07:37,935 - INFO -
[11/22] 处理: bug_37385486.txt
2026-03-04 23:07:37,935 - INFO -
============================================================
2026-03-04 23:07:37,935 - INFO - 处理文件: bug_37385486.txt
2026-03-04 23:07:37,935 - INFO - 📄 开始处理TXT: bug_37385486.txt
2026-03-04 23:07:37,941 - INFO - 🔑 文件哈希: eb94e259a6b1701853bbed66942cb977
2026-03-04 23:07:37,942 - INFO - 📊 文件大小: 2219 字节, 内容长度: 1047 字符
2026-03-04 23:07:37,942 - INFO - 📦 文件较小，不分片
Batches: 100%|█████████████████████████████████████████████████████████████████████████████████████████████████| 1/1 [00:07<00:00,  7.47s/it]
2026-03-04 23:07:45,414 - INFO - ✅ 分片处理完成: 1 个分片
2026-03-04 23:07:45,425 - INFO - ✅ 成功插入 1 个分片
2026-03-04 23:07:45,427 - INFO - ✅ 文件处理完成: 1 个分片已存储
2026-03-04 23:07:45,428 - INFO -
[12/22] 处理: bug_37388292.txt
2026-03-04 23:07:45,430 - INFO -
============================================================
2026-03-04 23:07:45,432 - INFO - 处理文件: bug_37388292.txt
2026-03-04 23:07:45,434 - INFO - 📄 开始处理TXT: bug_37388292.txt
2026-03-04 23:07:45,438 - INFO - 🔑 文件哈希: 9cc1c8aeed4472e02ac96de17ef3d45f
2026-03-04 23:07:45,439 - INFO - 📊 文件大小: 2601 字节, 内容长度: 1434 字符
2026-03-04 23:07:45,440 - INFO - 📦 文件较小，不分片
Batches: 100%|█████████████████████████████████████████████████████████████████████████████████████████████████| 1/1 [00:08<00:00,  8.59s/it]
2026-03-04 23:07:54,036 - INFO - ✅ 分片处理完成: 1 个分片
2026-03-04 23:07:54,056 - INFO - ✅ 成功插入 1 个分片
2026-03-04 23:07:54,056 - INFO - ✅ 文件处理完成: 1 个分片已存储
2026-03-04 23:07:54,056 - INFO -
[13/22] 处理: bug_37389579.txt
2026-03-04 23:07:54,057 - INFO -
============================================================
2026-03-04 23:07:54,057 - INFO - 处理文件: bug_37389579.txt
2026-03-04 23:07:54,057 - INFO - 📄 开始处理TXT: bug_37389579.txt
2026-03-04 23:07:54,061 - INFO - 🔑 文件哈希: abfcec98aca2a0de6f08ecec3f4eb1fe
2026-03-04 23:07:54,064 - INFO - 📊 文件大小: 3146 字节, 内容长度: 1861 字符
2026-03-04 23:07:54,064 - INFO - 📦 文件较小，不分片
Batches: 100%|█████████████████████████████████████████████████████████████████████████████████████████████████| 1/1 [00:08<00:00,  8.95s/it]
2026-03-04 23:08:03,020 - INFO - ✅ 分片处理完成: 1 个分片
2026-03-04 23:08:03,046 - INFO - ✅ 成功插入 1 个分片
2026-03-04 23:08:03,047 - INFO - ✅ 文件处理完成: 1 个分片已存储
2026-03-04 23:08:03,048 - INFO -
[14/22] 处理: bug_37393392.txt
2026-03-04 23:08:03,049 - INFO -
============================================================
2026-03-04 23:08:03,050 - INFO - 处理文件: bug_37393392.txt
2026-03-04 23:08:03,051 - INFO - 📄 开始处理TXT: bug_37393392.txt
2026-03-04 23:08:03,064 - INFO - 🔑 文件哈希: 83cd1ee9cd69b715824b1c93830317ee
2026-03-04 23:08:03,069 - INFO - 📊 文件大小: 2470 字节, 内容长度: 1361 字符
2026-03-04 23:08:03,069 - INFO - 📦 文件较小，不分片
Batches: 100%|█████████████████████████████████████████████████████████████████████████████████████████████████| 1/1 [00:11<00:00, 11.03s/it]
2026-03-04 23:08:14,107 - INFO - ✅ 分片处理完成: 1 个分片
2026-03-04 23:08:14,134 - INFO - ✅ 成功插入 1 个分片
2026-03-04 23:08:14,135 - INFO - ✅ 文件处理完成: 1 个分片已存储
2026-03-04 23:08:14,136 - INFO -
[15/22] 处理: bug_37393751.txt
2026-03-04 23:08:14,136 - INFO -
============================================================
2026-03-04 23:08:14,137 - INFO - 处理文件: bug_37393751.txt
2026-03-04 23:08:14,137 - INFO - 📄 开始处理TXT: bug_37393751.txt
2026-03-04 23:08:14,139 - INFO - 🔑 文件哈希: 53a2bccf9471db3b79614c64bc67d4fc
2026-03-04 23:08:14,150 - INFO - 📊 文件大小: 2435 字节, 内容长度: 1406 字符
2026-03-04 23:08:14,150 - INFO - 📦 文件较小，不分片
Batches: 100%|█████████████████████████████████████████████████████████████████████████████████████████████████| 1/1 [00:11<00:00, 11.96s/it]
2026-03-04 23:08:26,118 - INFO - ✅ 分片处理完成: 1 个分片
2026-03-04 23:08:26,162 - INFO - ✅ 成功插入 1 个分片
2026-03-04 23:08:26,168 - INFO - ✅ 文件处理完成: 1 个分片已存储
2026-03-04 23:08:26,169 - INFO -
[16/22] 处理: bug_37393792.txt
2026-03-04 23:08:26,171 - INFO -
============================================================
2026-03-04 23:08:26,172 - INFO - 处理文件: bug_37393792.txt
2026-03-04 23:08:26,173 - INFO - 📄 开始处理TXT: bug_37393792.txt
2026-03-04 23:08:26,177 - INFO - 🔑 文件哈希: c6ff48c463f6c3aa10ac70f94820e581
2026-03-04 23:08:26,179 - INFO - 📊 文件大小: 3950 字节, 内容长度: 1774 字符
2026-03-04 23:08:26,180 - INFO - 📦 文件较小，不分片
Batches: 100%|█████████████████████████████████████████████████████████████████████████████████████████████████| 1/1 [00:11<00:00, 12.00s/it]
2026-03-04 23:08:38,185 - INFO - ✅ 分片处理完成: 1 个分片
2026-03-04 23:08:38,231 - INFO - ✅ 成功插入 1 个分片
2026-03-04 23:08:38,236 - INFO - ✅ 文件处理完成: 1 个分片已存储
2026-03-04 23:08:38,236 - INFO -
[17/22] 处理: bug_37393986.txt
2026-03-04 23:08:38,238 - INFO -
============================================================
2026-03-04 23:08:38,240 - INFO - 处理文件: bug_37393986.txt
2026-03-04 23:08:38,242 - INFO - 📄 开始处理TXT: bug_37393986.txt
2026-03-04 23:08:38,248 - INFO - 🔑 文件哈希: ab7a6423214043d740176391856fb7ec
2026-03-04 23:08:38,251 - INFO - 📊 文件大小: 2395 字节, 内容长度: 1363 字符
2026-03-04 23:08:38,251 - INFO - 📦 文件较小，不分片
Batches: 100%|█████████████████████████████████████████████████████████████████████████████████████████████████| 1/1 [00:11<00:00, 11.06s/it]
2026-03-04 23:08:49,317 - INFO - ✅ 分片处理完成: 1 个分片
2026-03-04 23:08:49,337 - INFO - ✅ 成功插入 1 个分片
2026-03-04 23:08:49,338 - INFO - ✅ 文件处理完成: 1 个分片已存储
2026-03-04 23:08:49,339 - INFO -
[18/22] 处理: bug_37394008.txt
2026-03-04 23:08:49,339 - INFO -
============================================================
2026-03-04 23:08:49,340 - INFO - 处理文件: bug_37394008.txt
2026-03-04 23:08:49,342 - INFO - 📄 开始处理TXT: bug_37394008.txt
2026-03-04 23:08:49,356 - INFO - 🔑 文件哈希: a7229676ed54be25919ffd20e87d073c
2026-03-04 23:08:49,358 - INFO - 📊 文件大小: 3495 字节, 内容长度: 1808 字符
2026-03-04 23:08:49,360 - INFO - 📦 文件较小，不分片
Batches: 100%|█████████████████████████████████████████████████████████████████████████████████████████████████| 1/1 [00:08<00:00,  8.28s/it]
2026-03-04 23:08:57,642 - INFO - ✅ 分片处理完成: 1 个分片
2026-03-04 23:08:57,662 - INFO - ✅ 成功插入 1 个分片
2026-03-04 23:08:57,663 - INFO - ✅ 文件处理完成: 1 个分片已存储
2026-03-04 23:08:57,663 - INFO -
[19/22] 处理: bug_37394022.txt
2026-03-04 23:08:57,664 - INFO -
============================================================
2026-03-04 23:08:57,664 - INFO - 处理文件: bug_37394022.txt
2026-03-04 23:08:57,664 - INFO - 📄 开始处理TXT: bug_37394022.txt
2026-03-04 23:08:57,667 - INFO - 🔑 文件哈希: 87ac43efd4608487f10a97bf1656e2a2
2026-03-04 23:08:57,669 - INFO - 📊 文件大小: 2711 字节, 内容长度: 1325 字符
2026-03-04 23:08:57,670 - INFO - 📦 文件较小，不分片
Batches: 100%|█████████████████████████████████████████████████████████████████████████████████████████████████| 1/1 [00:08<00:00,  8.11s/it]
2026-03-04 23:09:05,784 - INFO - ✅ 分片处理完成: 1 个分片
2026-03-04 23:09:05,794 - INFO - ✅ 成功插入 1 个分片
2026-03-04 23:09:05,795 - INFO - ✅ 文件处理完成: 1 个分片已存储
2026-03-04 23:09:05,795 - INFO -
[20/22] 处理: bug_37394565.txt
2026-03-04 23:09:05,795 - INFO -
============================================================
2026-03-04 23:09:05,795 - INFO - 处理文件: bug_37394565.txt
2026-03-04 23:09:05,795 - INFO - 📄 开始处理TXT: bug_37394565.txt
2026-03-04 23:09:05,798 - INFO - 🔑 文件哈希: d57a1ea50158128229c37a6bc69c7e7f
2026-03-04 23:09:05,799 - INFO - 📊 文件大小: 3281 字节, 内容长度: 1845 字符
2026-03-04 23:09:05,799 - INFO - 📦 文件较小，不分片
Batches: 100%|█████████████████████████████████████████████████████████████████████████████████████████████████| 1/1 [00:07<00:00,  7.67s/it]
2026-03-04 23:09:13,475 - INFO - ✅ 分片处理完成: 1 个分片
2026-03-04 23:09:13,525 - INFO - ✅ 成功插入 1 个分片
2026-03-04 23:09:13,526 - INFO - ✅ 文件处理完成: 1 个分片已存储
2026-03-04 23:09:13,527 - INFO -
[21/22] 处理: bug_37394754.txt
2026-03-04 23:09:13,528 - INFO -
============================================================
2026-03-04 23:09:13,529 - INFO - 处理文件: bug_37394754.txt
2026-03-04 23:09:13,530 - INFO - 📄 开始处理TXT: bug_37394754.txt
2026-03-04 23:09:13,536 - INFO - 🔑 文件哈希: 46141f4bf65d99b69b533bee99867ad5
2026-03-04 23:09:13,537 - INFO - 📊 文件大小: 2231 字节, 内容长度: 1014 字符
2026-03-04 23:09:13,538 - INFO - 📦 文件较小，不分片
Batches: 100%|█████████████████████████████████████████████████████████████████████████████████████████████████| 1/1 [00:07<00:00,  7.93s/it]
2026-03-04 23:09:21,469 - INFO - ✅ 分片处理完成: 1 个分片
2026-03-04 23:09:21,478 - INFO - ✅ 成功插入 1 个分片
2026-03-04 23:09:21,478 - INFO - ✅ 文件处理完成: 1 个分片已存储
2026-03-04 23:09:21,478 - INFO -
[22/22] 处理: bug_37467573.txt
2026-03-04 23:09:21,478 - INFO -
============================================================
2026-03-04 23:09:21,479 - INFO - 处理文件: bug_37467573.txt
2026-03-04 23:09:21,479 - INFO - 📄 开始处理TXT: bug_37467573.txt
2026-03-04 23:09:21,481 - INFO - 🔑 文件哈希: e43decb9751cd99644a55d8b2d980cea
2026-03-04 23:09:21,482 - INFO - 📊 文件大小: 275 字节, 内容长度: 134 字符
2026-03-04 23:09:21,483 - INFO - 📦 文件较小，不分片
Batches: 100%|█████████████████████████████████████████████████████████████████████████████████████████████████| 1/1 [00:01<00:00,  1.57s/it]
2026-03-04 23:09:23,059 - INFO - ✅ 分片处理完成: 1 个分片
2026-03-04 23:09:23,079 - INFO - ✅ 成功插入 1 个分片
2026-03-04 23:09:23,082 - INFO - ✅ 文件处理完成: 1 个分片已存储
2026-03-04 23:09:23,082 - INFO -
============================================================
2026-03-04 23:09:23,083 - INFO - 📊 处理完成统计:
2026-03-04 23:09:23,083 - INFO -   ✅ 成功: 22
2026-03-04 23:09:23,083 - INFO -   ❌ 失败: 0
2026-03-04 23:09:23,083 - INFO -   📈 成功率: 100.0%
2026-03-04 23:09:23,083 - INFO - ============================================================
2026-03-04 23:09:23,084 - INFO - 数据库连接已关闭
(oracleBUG) [root@redhatos zisk]#




(oracleBUG) [root@redhatos zisk]# python AskRag.py -i
⚠️  无法导入vector_upload模块，使用内置配置: nofile 预期没有

============================================================
🤖 RAG查询系统 - 交互模式
当前模型: glm-4-7-251222
Base URL: https://ark.cn-beijing.volces.com/api/v3
输入问题进行查询，输入 'quit' 或 'exit' 退出
输入 'rag off' 关闭向量检索，输入 'rag on' 开启
输入 'config' 显示当前配置
============================================================


❓ 请输入问题: ORA-00600: internal error code, arguments: [kghfrempty:ds

🔍 正在查询...
2026-03-04 23:12:29,602 - INFO - 📦 加载向量模型: ./models
2026-03-04 23:12:29,604 - INFO - Use pytorch device_name: cpu
2026-03-04 23:12:29,604 - INFO - Load pretrained SentenceTransformer: ./models
2026-03-04 23:12:29,607 - WARNING - No sentence-transformers model found with name ./models. Creating a new one with mean pooling.
Loading weights: 100%|██████████████████████████████████████████| 391/391 [00:00<00:00, 2086.05it/s, Materializing param=pooler.dense.weight]
BertModel LOAD REPORT from: ./models
Key                     | Status     |  |
------------------------+------------+--+-
embeddings.position_ids | UNEXPECTED |  |

Notes:
- UNEXPECTED    :can be ignored when loading from different task/architecture; not ok if you expect identical arch.
2026-03-04 23:12:30,461 - INFO - ✅ RAG系统初始化完成，使用模型: glm-4-7-251222
Batches: 100%|█████████████████████████████████████████████████████████████████████████████████████████████████| 1/1 [00:01<00:00,  1.12s/it]
🔍 向量检索: ORA-00600: internal error code, arguments: [kghfrempty:ds
2026-03-04 23:12:31,625 - INFO - 🔍 向量检索完成，找到 5 个相关文档
2026-03-04 23:12:31,626 - INFO - 📝 构建上下文完成，长度: 2730
2026-03-04 23:13:00,584 - INFO - HTTP Request: POST https://ark.cn-beijing.volces.com/api/v3/chat/completions "HTTP/1.1 200 OK"

============================================================
💡 答案:
根据提供的参考信息，错误代码 `ORA-00600: internal error code, arguments: [kghfrempty:ds]` 对应于 **Bug 37383342**。

以下是该问题的详细说明：

### **Bug 编号：** 37383342

### **影响版本：**
*   **Oracle Database 19c**

### **核心问题描述：**
该 Bug 与 **Data Guard** 和 **Redo Apply** 有关。具体表现为，在 **Active Data Guard** 物理备库上，当主库执行某些特定的 **在线表重定义（Online Table Redefinition, 简称 OTR）** 操作时，备库的 **Redo Apply** 进程（MRP 进程）可能会意外终止。

### **错误详情：**
*   **错误代码：** `ORA-00600: internal error code, arguments: [kghfrempty:ds], [], [], [], [], [], [], [], [], [], [], []`
*   **后果：** 该错误会导致备库停止应用重做日志，与主库的数据同步中断，从而影响高可用性和报表查询能力。

### **来源：**
*   以上信息来源于 **【文档3】bug_37383342.txt**。

**注意：** 参考信息中未提及该 Bug 的具体解决方案或补丁编号，建议查阅 Oracle 官方支持文档获取修复方案。

📚 参考文档:
  1. bug_37389579.txt (相关度: 0.543)
  2. bug_37383977.txt (相关度: 0.539)
  3. bug_37383342.txt (相关度: 0.530)
  4. bug_37393792.txt (相关度: 0.529)
  5. bug_37381614.txt (相关度: 0.521)
============================================================

❓ 请输入问题:

❓ 请输入问题: quit
👋 退出系统
2026-03-04 23:13:29,117 - INFO - RAG系统已关闭
(oracleBUG) [root@redhatos zisk]#
